<?xml version="1.0" encoding="UTF-8"?>
<!-- Generated by org.testng.reporters.JUnitReportReporter -->
<testsuite hostname="DESKTOP-FN0EG9T" failures="0" tests="3" name="ALert_Frame_windows.Browse_window" time="96.867" errors="0" timestamp="2023-08-09T02:12:39 IST" skipped="0">
  <testcase classname="ALert_Frame_windows.Browse_window" name="New_tab" time="31.387"/>
  <testcase classname="ALert_Frame_windows.Browse_window" name="New_window" time="33.600"/>
  <testcase classname="ALert_Frame_windows.Browse_window" name="New_window_message" time="31.880"/>
</testsuite> <!-- ALert_Frame_windows.Browse_window -->
