<?xml version="1.0" encoding="UTF-8"?>
<!-- Generated by org.testng.reporters.JUnitReportReporter -->
<testsuite hostname="DESKTOP-FN0EG9T" failures="0" tests="2" name="ALert_Frame_windows.Nested_frames" time="4.137" errors="0" timestamp="2023-08-25T00:54:03 IST" skipped="0">
  <testcase classname="ALert_Frame_windows.Nested_frames" name="PrentframeTochild_frame" time="0.012"/>
  <testcase classname="ALert_Frame_windows.Nested_frames" name="Child_To_parent" time="4.125"/>
</testsuite> <!-- ALert_Frame_windows.Nested_frames -->
