<?xml version="1.0" encoding="UTF-8"?>
<!-- Generated by org.testng.reporters.JUnitReportReporter -->
<testsuite hostname="DESKTOP-FN0EG9T" failures="0" tests="1" name="Widgets.Auto_complete" time="12.548" errors="0" timestamp="2023-08-26T13:08:16 IST" skipped="0">
  <testcase classname="Widgets.Auto_complete" name="sinle_color" time="12.548"/>
</testsuite> <!-- Widgets.Auto_complete -->
