<?xml version="1.0" encoding="UTF-8"?>
<!-- Generated by org.testng.reporters.JUnitReportReporter -->
<testsuite hostname="DESKTOP-FN0EG9T" failures="0" tests="6" name="ALert_Frame_windows.Alerts" time="22.508" errors="0" timestamp="2023-08-26T11:28:31 IST" skipped="0">
  <testcase classname="ALert_Frame_windows.Alerts" name="Check_Alerts" time="0.264"/>
  <testcase classname="ALert_Frame_windows.Alerts" name="five_second_button" time="8.397"/>
  <testcase classname="ALert_Frame_windows.Alerts" name="confirm_box_ok" time="0.176"/>
  <testcase classname="ALert_Frame_windows.Alerts" name="confirm_box_cancle" time="0.166"/>
  <testcase classname="ALert_Frame_windows.Alerts" name="promtbox_send_message" time="5.228"/>
  <testcase classname="ALert_Frame_windows.Alerts" name="promtbox_cancle" time="8.277"/>
</testsuite> <!-- ALert_Frame_windows.Alerts -->
