<?xml version="1.0" encoding="UTF-8"?>
<!-- Generated by org.testng.reporters.JUnitReportReporter -->
<testsuite hostname="DESKTOP-FN0EG9T" failures="0" tests="3" name="Widgets.Accordian" time="16.524" errors="0" timestamp="2023-08-26T11:39:05 IST" skipped="0">
  <testcase classname="Widgets.Accordian" name="Select_first" time="16.160"/>
  <testcase classname="Widgets.Accordian" name="Select_second" time="0.179"/>
  <testcase classname="Widgets.Accordian" name="Select_Third" time="0.185"/>
</testsuite> <!-- Widgets.Accordian -->
