<?xml version="1.0" encoding="UTF-8"?>
<!-- Generated by org.testng.reporters.JUnitReportReporter -->
<testsuite hostname="DESKTOP-FN0EG9T" failures="0" tests="1" name="Widgets.progressbar" time="29.630" errors="0" timestamp="2023-08-27T10:53:50 IST" skipped="0">
  <testcase classname="Widgets.progressbar" name="progressbar" time="29.630"/>
</testsuite> <!-- Widgets.progressbar -->
