<?xml version="1.0" encoding="UTF-8"?>
<!-- Generated by org.testng.reporters.JUnitReportReporter -->
<testsuite hostname="DESKTOP-FN0EG9T" failures="0" tests="1" name="Widgets.progressbar" time="29.232" errors="0" timestamp="2023-08-16T20:11:45 IST" skipped="0">
  <testcase classname="Widgets.progressbar" name="progressbar" time="29.232"/>
</testsuite> <!-- Widgets.progressbar -->
