<?xml version="1.0" encoding="UTF-8"?>
<!-- Generated by org.testng.reporters.JUnitReportReporter -->
<testsuite hostname="DESKTOP-FN0EG9T" failures="0" tests="1" name="ALert_Frame_windows.Alerts" time="25.811" errors="0" timestamp="2023-08-08T22:17:46 IST" skipped="0">
  <testcase classname="ALert_Frame_windows.Alerts" name="Check_Alerts" time="25.811"/>
</testsuite> <!-- ALert_Frame_windows.Alerts -->
