<?xml version="1.0" encoding="UTF-8"?>
<!-- Generated by org.testng.reporters.JUnitReportReporter -->
<testsuite hostname="DESKTOP-FN0EG9T" failures="0" tests="2" name="ALert_Frame_windows.Models" time="0.760" errors="0" timestamp="2023-08-12T20:46:32 IST" skipped="0">
  <testcase classname="ALert_Frame_windows.Models" name="small_Model" time="0.381"/>
  <testcase classname="ALert_Frame_windows.Models" name="Large_Model" time="0.379"/>
</testsuite> <!-- ALert_Frame_windows.Models -->
